Initialization
Moving to (500, 0)
GO TO POSITION : 500 , 0
Counters : (0,0)
getCurrentPosition : (0,0)
Counters : (0,0)
getOrientation : 0
setMotorsSpeed to driver : -15,15
setMotorsSpeed to driver : 0,0
getInitialCountersDifference : 0
getSpeedCorrection : 0
setMotorsSpeed to driver : 45,45
Counters : (0,0)
getCurrentPosition : (0,0)
getSpeedCorrection : 0
setMotorsSpeed to driver : 45,45
Counters : (0,0)
getCurrentPosition : (0,0)
getSpeedCorrection : 0
setMotorsSpeed to driver : 45,45
Counters : (12,4)
getCurrentPosition : (3.43603,-0.0251208)
getSpeedCorrection : 1
setMotorsSpeed to driver : 46,44
Counters : (26,7)
getCurrentPosition : (7.08579,-0.115194)
getSpeedCorrection : 2
setMotorsSpeed to driver : 47,43
Counters : (43,13)
getCurrentPosition : (12.0203,-0.336304)
getSpeedCorrection : 3
setMotorsSpeed to driver : 48,42
Counters : (69,25)
getCurrentPosition : (20.1624,-0.887769)
getSpeedCorrection : 5
setMotorsSpeed to driver : 50,40
Counters : (96,36)
getCurrentPosition : (28.2863,-1.66222)
getSpeedCorrection : 7
setMotorsSpeed to driver : 50,38
Counters : (125,49)
getCurrentPosition : (37.2366,-2.78036)
getSpeedCorrection : 8
setMotorsSpeed to driver : 50,37
Counters : (154,68)
getCurrentPosition : (47.4322,-4.30091)
getSpeedCorrection : 9
setMotorsSpeed to driver : 50,36
Counters : (180,90)
getCurrentPosition : (57.6075,-5.95176)
getSpeedCorrection : 9
setMotorsSpeed to driver : 50,36
Counters : (202,113)
getCurrentPosition : (67.1425,-7.52558)
getSpeedCorrection : 9
setMotorsSpeed to driver : 50,36
Counters : (223,140)
getCurrentPosition : (77.3238,-9.13922)
getSpeedCorrection : 8
setMotorsSpeed to driver : 50,37
Counters : (244,168)
getCurrentPosition : (87.736,-10.6629)
getSpeedCorrection : 7
setMotorsSpeed to driver : 50,38
Counters : (265,196)
getCurrentPosition : (98.1669,-12.0532)
getSpeedCorrection : 7
setMotorsSpeed to driver : 50,38
Counters : (285,226)
getCurrentPosition : (108.831,-13.3064)
getSpeedCorrection : 6
setMotorsSpeed to driver : 50,39
Counters : (307,257)
getCurrentPosition : (120.157,-14.4383)
getSpeedCorrection : 5
setMotorsSpeed to driver : 50,40
Counters : (328,287)
getCurrentPosition : (131.072,-15.3481)
getSpeedCorrection : 4
setMotorsSpeed to driver : 49,41
Counters : (350,319)
getCurrentPosition : (142.644,-16.1105)
getSpeedCorrection : 3
setMotorsSpeed to driver : 48,42
Counters : (372,350)
getCurrentPosition : (154.012,-16.6616)
getSpeedCorrection : 2
setMotorsSpeed to driver : 47,43
Counters : (397,381)
getCurrentPosition : (166.032,-17.0791)
getSpeedCorrection : 1
setMotorsSpeed to driver : 46,44
Counters : (421,411)
getCurrentPosition : (177.625,-17.3546)
getSpeedCorrection : 1
setMotorsSpeed to driver : 46,44
Counters : (446,440)
getCurrentPosition : (189.221,-17.5241)
getSpeedCorrection : 1
setMotorsSpeed to driver : 46,44
Counters : (474,469)
getCurrentPosition : (201.461,-17.6472)
getSpeedCorrection : 0
setMotorsSpeed to driver : 45,45
Counters : (500,497)
getCurrentPosition : (213.058,-17.7319)
getSpeedCorrection : 0
setMotorsSpeed to driver : 45,45
Counters : (528,526)
getCurrentPosition : (225.299,-17.7878)
getSpeedCorrection : 0
setMotorsSpeed to driver : 45,45
Counters : (555,553)
getCurrentPosition : (236.896,-17.8302)
getSpeedCorrection : 0
setMotorsSpeed to driver : 45,45
Counters : (583,581)
getCurrentPosition : (248.922,-17.8741)
getSpeedCorrection : 0
setMotorsSpeed to driver : 45,45
Counters : (611,608)
getCurrentPosition : (260.734,-17.928)
getSpeedCorrection : 0
setMotorsSpeed to driver : 45,45
Counters : (639,635)
getCurrentPosition : (272.545,-18.0035)
getSpeedCorrection : 1
setMotorsSpeed to driver : 46,44
Counters : (667,661)
getCurrentPosition : (284.142,-18.1095)
getSpeedCorrection : 1
setMotorsSpeed to driver : 46,44
Counters : (696,688)
getCurrentPosition : (296.167,-18.2633)
getSpeedCorrection : 1
setMotorsSpeed to driver : 46,44
Counters : (722,715)
getCurrentPosition : (307.548,-18.4193)
getSpeedCorrection : 1
setMotorsSpeed to driver : 46,44
Counters : (749,743)
getCurrentPosition : (319.359,-18.5596)
getSpeedCorrection : 1
setMotorsSpeed to driver : 46,44
Counters : (776,770)
getCurrentPosition : (330.955,-18.6868)
getSpeedCorrection : 1
setMotorsSpeed to driver : 46,44
Counters : (803,798)
getCurrentPosition : (342.766,-18.8055)
getSpeedCorrection : 1
setMotorsSpeed to driver : 46,44
Counters : (830,825)
getCurrentPosition : (354.363,-18.9114)
getSpeedCorrection : 0
setMotorsSpeed to driver : 45,45
Counters : (857,854)
getCurrentPosition : (366.389,-18.9993)
getSpeedCorrection : 0
setMotorsSpeed to driver : 45,45
Counters : (884,882)
getCurrentPosition : (378.2,-19.0532)
getSpeedCorrection : 0
setMotorsSpeed to driver : 45,45
Counters : (943,941)
getCurrentPosition : (403.541,-19.1457)
getSpeedCorrection : 0
setMotorsSpeed to driver : 45,45
Counters : (971,968)
getCurrentPosition : (415.353,-19.1996)
getSpeedCorrection : 0
setMotorsSpeed to driver : 45,45
Counters : (998,996)
getCurrentPosition : (427.164,-19.2536)
getSpeedCorrection : 0
setMotorsSpeed to driver : 45,45
Counters : (1027,1023)
getCurrentPosition : (439.191,-19.3195)
getSpeedCorrection : 0
setMotorsSpeed to driver : 45,45
Counters : (1055,1050)
getCurrentPosition : (451.002,-19.4166)
getSpeedCorrection : 1
setMotorsSpeed to driver : 46,44
Counters : (1084,1079)
getCurrentPosition : (463.457,-19.5303)
getSpeedCorrection : 1
setMotorsSpeed to driver : 46,44
Counters : (1112,1107)
getCurrentPosition : (475.483,-19.6402)
getSpeedCorrection : 1
setMotorsSpeed to driver : 46,44
Counters : (1140,1135)
getCurrentPosition : (487.509,-19.7501)
getSpeedCorrection : 0
setMotorsSpeed to driver : 45,45
Counters : (1167,1164)
getCurrentPosition : (499.535,-19.8379)
setMotorsSpeed to driver : 0,0
Rotating by 6.28 radians
Rotate to 6.28 rad
Counters : (1228,1210)
getOrientation : 12.5335
setMotorsSpeed to driver : -15,15
Counters : (1228,1210)
getOrientation : 12.5335
Counters : (1228,1210)
getOrientation : 12.5335
Counters : (1228,1210)
getOrientation : 12.5335
Counters : (1230,1209)
getOrientation : 12.528
Counters : (1232,1206)
getOrientation : 12.5189
Counters : (1236,1203)
getOrientation : 12.5061
Counters : (1240,1199)
getOrientation : 12.4914
Counters : (1244,1195)
getOrientation : 12.4768
Counters : (1248,1191)
getOrientation : 12.4622
Counters : (1252,1187)
getOrientation : 12.4476
Counters : (1256,1183)
getOrientation : 12.4329
Counters : (1261,1178)
getOrientation : 12.4147
Counters : (1265,1173)
getOrientation : 12.3982
Counters : (1269,1168)
getOrientation : 12.3818
Counters : (1274,1163)
getOrientation : 12.3635
Counters : (1279,1158)
getOrientation : 12.3452
Counters : (1284,1153)
getOrientation : 12.3269
Counters : (1289,1148)
getOrientation : 12.3087
Counters : (1294,1142)
getOrientation : 12.2886
Counters : (1299,1137)
getOrientation : 12.2703
Counters : (1304,1132)
getOrientation : 12.252
Counters : (1309,1127)
getOrientation : 12.2337
Counters : (1313,1122)
getOrientation : 12.2173
Counters : (1318,1117)
getOrientation : 12.199
Counters : (1323,1112)
getOrientation : 12.1807
Counters : (1328,1107)
getOrientation : 12.1624
Counters : (1333,1102)
getOrientation : 12.1442
Counters : (1337,1097)
getOrientation : 12.1277
Counters : (1342,1092)
getOrientation : 12.1094
Counters : (1346,1088)
getOrientation : 12.0948
Counters : (1351,1082)
getOrientation : 12.0747
Counters : (1356,1078)
getOrientation : 12.0583
Counters : (1361,1073)
getOrientation : 12.04
Counters : (1366,1068)
getOrientation : 12.0217
Counters : (1370,1063)
getOrientation : 12.0053
Counters : (1375,1058)
getOrientation : 11.987
Counters : (1380,1053)
getOrientation : 11.9687
Counters : (1385,1047)
getOrientation : 11.9486
Counters : (1390,1043)
getOrientation : 11.9321
Counters : (1396,1037)
getOrientation : 11.9102
Counters : (1400,1032)
getOrientation : 11.8938
Counters : (1405,1027)
getOrientation : 11.8755
Counters : (1410,1022)
getOrientation : 11.8572
Counters : (1415,1017)
getOrientation : 11.8389
Counters : (1421,1012)
getOrientation : 11.8188
Counters : (1425,1007)
getOrientation : 11.8024
Counters : (1430,1002)
getOrientation : 11.7841
Counters : (1435,997)
getOrientation : 11.7658
Counters : (1439,992)
getOrientation : 11.7494
Counters : (1444,987)
getOrientation : 11.7311
Counters : (1449,982)
getOrientation : 11.7128
Counters : (1454,977)
getOrientation : 11.6945
Counters : (1459,972)
getOrientation : 11.6763
Counters : (1463,968)
getOrientation : 11.6616
Counters : (1468,962)
getOrientation : 11.6415
Counters : (1473,957)
getOrientation : 11.6233
Counters : (1478,952)
getOrientation : 11.605
Counters : (1483,947)
getOrientation : 11.5867
Counters : (1488,942)
getOrientation : 11.5684
Counters : (1493,937)
getOrientation : 11.5502
Counters : (1498,932)
getOrientation : 11.5319
Counters : (1503,927)
getOrientation : 11.5136
Counters : (1508,922)
getOrientation : 11.4953
Counters : (1513,917)
getOrientation : 11.477
Counters : (1518,912)
getOrientation : 11.4588
Counters : (1523,907)
getOrientation : 11.4405
Counters : (1528,902)
getOrientation : 11.4222
Counters : (1533,897)
getOrientation : 11.4039
Counters : (1538,892)
getOrientation : 11.3857
Counters : (1543,887)
getOrientation : 11.3674
Counters : (1548,882)
getOrientation : 11.3491
Counters : (1552,877)
getOrientation : 11.3327
Counters : (1557,873)
getOrientation : 11.3162
Counters : (1562,868)
getOrientation : 11.2979
Counters : (1567,863)
getOrientation : 11.2797
Counters : (1572,858)
getOrientation : 11.2614
Counters : (1576,852)
getOrientation : 11.2431
Counters : (1581,847)
getOrientation : 11.2248
Counters : (1586,842)
getOrientation : 11.2065
Counters : (1591,837)
getOrientation : 11.1883
Counters : (1596,832)
getOrientation : 11.17
Counters : (1601,827)
getOrientation : 11.1517
Counters : (1605,822)
getOrientation : 11.1353
Counters : (1610,817)
getOrientation : 11.117
Counters : (1615,812)
getOrientation : 11.0987
Counters : (1620,808)
getOrientation : 11.0823
Counters : (1624,803)
getOrientation : 11.0658
Counters : (1629,798)
getOrientation : 11.0475
Counters : (1633,793)
getOrientation : 11.0311
Counters : (1638,789)
getOrientation : 11.0146
Counters : (1643,784)
getOrientation : 10.9964
Counters : (1647,780)
getOrientation : 10.9817
Counters : (1652,775)
getOrientation : 10.9635
Counters : (1656,770)
getOrientation : 10.947
Counters : (1661,766)
getOrientation : 10.9306
Counters : (1665,761)
getOrientation : 10.9141
Counters : (1670,756)
getOrientation : 10.8958
Counters : (1675,751)
getOrientation : 10.8776
Counters : (1679,746)
getOrientation : 10.8611
Counters : (1684,741)
getOrientation : 10.8428
Counters : (1689,737)
getOrientation : 10.8264
Counters : (1693,731)
getOrientation : 10.8081
Counters : (1698,727)
getOrientation : 10.7916
Counters : (1703,722)
getOrientation : 10.7734
Counters : (1708,717)
getOrientation : 10.7551
Counters : (1713,712)
getOrientation : 10.7368
Counters : (1717,707)
getOrientation : 10.7204
Counters : (1722,702)
getOrientation : 10.7021
Counters : (1727,697)
getOrientation : 10.6838
Counters : (1732,692)
getOrientation : 10.6655
Counters : (1737,687)
getOrientation : 10.6473
Counters : (1741,683)
getOrientation : 10.6326
Counters : (1746,678)
getOrientation : 10.6144
Counters : (1751,673)
getOrientation : 10.5961
Counters : (1756,668)
getOrientation : 10.5778
Counters : (1760,663)
getOrientation : 10.5614
Counters : (1765,658)
getOrientation : 10.5431
Counters : (1770,653)
getOrientation : 10.5248
Counters : (1774,648)
getOrientation : 10.5083
Counters : (1779,643)
getOrientation : 10.4901
Counters : (1784,638)
getOrientation : 10.4718
Counters : (1789,633)
getOrientation : 10.4535
Counters : (1793,628)
getOrientation : 10.4371
Counters : (1798,623)
getOrientation : 10.4188
Counters : (1803,618)
getOrientation : 10.4005
Counters : (1808,614)
getOrientation : 10.3841
Counters : (1813,609)
getOrientation : 10.3658
Counters : (1817,604)
getOrientation : 10.3493
Counters : (1822,599)
getOrientation : 10.3311
Counters : (1827,594)
getOrientation : 10.3128
Counters : (1832,590)
getOrientation : 10.2963
Counters : (1837,585)
getOrientation : 10.2781
Counters : (1841,580)
getOrientation : 10.2616
Counters : (1846,575)
getOrientation : 10.2433
Counters : (1851,571)
getOrientation : 10.2269
Counters : (1855,566)
getOrientation : 10.2104
Counters : (1860,561)
getOrientation : 10.1922
Counters : (1864,556)
getOrientation : 10.1757
Counters : (1869,552)
getOrientation : 10.1593
Counters : (1874,547)
getOrientation : 10.141
Counters : (1878,542)
getOrientation : 10.1245
Counters : (1883,537)
getOrientation : 10.1062
Counters : (1887,532)
getOrientation : 10.0898
Counters : (1892,528)
getOrientation : 10.0733
Counters : (1897,523)
getOrientation : 10.0551
Counters : (1901,518)
getOrientation : 10.0386
Counters : (1906,513)
getOrientation : 10.0203
Counters : (1911,509)
getOrientation : 10.0039
Counters : (1916,503)
getOrientation : 9.98379
Counters : (1921,498)
getOrientation : 9.96551
Counters : (1926,494)
getOrientation : 9.94906
Counters : (1931,489)
getOrientation : 9.93078
Counters : (1935,485)
getOrientation : 9.91616
Counters : (1940,480)
getOrientation : 9.89788
Counters : (1945,475)
getOrientation : 9.87961
Counters : (1950,470)
getOrientation : 9.86133
Counters : (1955,465)
getOrientation : 9.84305
Counters : (1960,460)
getOrientation : 9.82477
Counters : (1965,455)
getOrientation : 9.8065
Counters : (1969,450)
getOrientation : 9.79005
Counters : (1974,445)
getOrientation : 9.77177
Counters : (1979,440)
getOrientation : 9.75349
Counters : (1984,435)
getOrientation : 9.73522
Counters : (1989,430)
getOrientation : 9.71694
Counters : (1993,425)
getOrientation : 9.70049
Counters : (1998,421)
getOrientation : 9.68404
Counters : (2002,416)
getOrientation : 9.66759
Counters : (2007,411)
getOrientation : 9.64931
Counters : (2012,406)
getOrientation : 9.63103
Counters : (2017,402)
getOrientation : 9.61458
Counters : (2021,397)
getOrientation : 9.59813
Counters : (2025,393)
getOrientation : 9.58351
Counters : (2030,388)
getOrientation : 9.56524
Counters : (2035,383)
getOrientation : 9.54696
Counters : (2040,378)
getOrientation : 9.52868
Counters : (2045,374)
getOrientation : 9.51223
Counters : (2049,369)
getOrientation : 9.49578
Counters : (2054,364)
getOrientation : 9.4775
Counters : (2058,360)
getOrientation : 9.46288
Counters : (2063,355)
getOrientation : 9.44461
Counters : (2067,350)
getOrientation : 9.42816
Counters : (2072,346)
getOrientation : 9.41171
Counters : (2076,340)
getOrientation : 9.39343
Counters : (2081,336)
getOrientation : 9.37698
Counters : (2085,331)
getOrientation : 9.36053
Counters : (2090,326)
getOrientation : 9.34225
Counters : (2094,321)
getOrientation : 9.3258
Counters : (2099,317)
getOrientation : 9.30935
Counters : (2104,312)
getOrientation : 9.29107
Counters : (2108,307)
getOrientation : 9.27462
Counters : (2113,302)
getOrientation : 9.25635
Counters : (2118,298)
getOrientation : 9.2399
Counters : (2122,293)
getOrientation : 9.22345
Counters : (2126,289)
getOrientation : 9.20883
Counters : (2131,285)
getOrientation : 9.19238
Counters : (2135,280)
getOrientation : 9.17593
Counters : (2140,276)
getOrientation : 9.15948
Counters : (2144,271)
getOrientation : 9.14303
Counters : (2148,267)
getOrientation : 9.1284
Counters : (2153,263)
getOrientation : 9.11195
Counters : (2157,259)
getOrientation : 9.09733
Counters : (2161,254)
getOrientation : 9.08088
Counters : (2166,249)
getOrientation : 9.06261
Counters : (2170,245)
getOrientation : 9.04798
Counters : (2175,240)
getOrientation : 9.02971
Counters : (2179,235)
getOrientation : 9.01326
Counters : (2183,230)
getOrientation : 8.99681
Counters : (2188,226)
getOrientation : 8.98036
Counters : (2192,221)
getOrientation : 8.96391
Counters : (2197,216)
getOrientation : 8.94563
Counters : (2202,211)
getOrientation : 8.92735
Counters : (2207,207)
getOrientation : 8.9109
Counters : (2211,202)
getOrientation : 8.89445
Counters : (2215,198)
getOrientation : 8.87983
Counters : (2220,193)
getOrientation : 8.86155
Counters : (2225,189)
getOrientation : 8.8451
Counters : (2229,184)
getOrientation : 8.82865
Counters : (2234,180)
getOrientation : 8.8122
Counters : (2238,175)
getOrientation : 8.79575
Counters : (2243,170)
getOrientation : 8.77748
Counters : (2248,166)
getOrientation : 8.76103
Counters : (2252,161)
getOrientation : 8.74458
Counters : (2257,156)
getOrientation : 8.7263
Counters : (2262,151)
getOrientation : 8.70802
Counters : (2267,146)
getOrientation : 8.68975
Counters : (2271,141)
getOrientation : 8.6733
Counters : (2276,137)
getOrientation : 8.65685
Counters : (2280,132)
getOrientation : 8.6404
Counters : (2285,128)
getOrientation : 8.62395
Counters : (2289,123)
getOrientation : 8.6075
Counters : (2294,118)
getOrientation : 8.58922
Counters : (2298,114)
getOrientation : 8.5746
Counters : (2303,109)
getOrientation : 8.55632
Counters : (2307,105)
getOrientation : 8.5417
Counters : (2312,100)
getOrientation : 8.52342
Counters : (2316,96)
getOrientation : 8.5088
Counters : (2321,92)
getOrientation : 8.49235
Counters : (2325,87)
getOrientation : 8.4759
Counters : (2330,82)
getOrientation : 8.45762
Counters : (2335,77)
getOrientation : 8.43935
Counters : (2340,73)
getOrientation : 8.4229
Counters : (2345,68)
getOrientation : 8.40462
Counters : (2349,64)
getOrientation : 8.39
Counters : (2354,59)
getOrientation : 8.37172
Counters : (2359,54)
getOrientation : 8.35344
Counters : (2363,49)
getOrientation : 8.33699
Counters : (2368,44)
getOrientation : 8.31872
Counters : (2373,39)
getOrientation : 8.30044
Counters : (2377,35)
getOrientation : 8.28582
Counters : (2382,30)
getOrientation : 8.26754
Counters : (2386,26)
getOrientation : 8.25292
Counters : (2391,21)
getOrientation : 8.23464
Counters : (2396,16)
getOrientation : 8.21636
Counters : (2401,11)
getOrientation : 8.19809
Counters : (2405,7)
getOrientation : 8.18346
Counters : (2410,2)
getOrientation : 8.16519
Counters : (2414,-2)
getOrientation : 8.15057
Counters : (2419,-6)
getOrientation : 8.13412
Counters : (2424,-11)
getOrientation : 8.11584
Counters : (2429,-16)
getOrientation : 8.09756
Counters : (2433,-21)
getOrientation : 8.08111
Counters : (2438,-25)
getOrientation : 8.06466
Counters : (2443,-29)
getOrientation : 8.04821
Counters : (2447,-34)
getOrientation : 8.03176
Counters : (2452,-38)
getOrientation : 8.01531
Counters : (2456,-43)
getOrientation : 7.99886
Counters : (2461,-47)
getOrientation : 7.98241
Counters : (2465,-52)
getOrientation : 7.96596
Counters : (2470,-57)
getOrientation : 7.94769
Counters : (2474,-61)
getOrientation : 7.93306
Counters : (2479,-66)
getOrientation : 7.91479
Counters : (2483,-70)
getOrientation : 7.90017
Counters : (2488,-75)
getOrientation : 7.88189
Counters : (2492,-79)
getOrientation : 7.86727
Counters : (2497,-84)
getOrientation : 7.84899
Counters : (2502,-89)
getOrientation : 7.83071
Counters : (2506,-93)
getOrientation : 7.81609
Counters : (2511,-98)
getOrientation : 7.79781
Counters : (2515,-102)
getOrientation : 7.78319
Counters : (2520,-107)
getOrientation : 7.76491
Counters : (2525,-111)
getOrientation : 7.74846
Counters : (2530,-116)
getOrientation : 7.73019
Counters : (2535,-121)
getOrientation : 7.71191
Counters : (2539,-125)
getOrientation : 7.69729
Counters : (2544,-130)
getOrientation : 7.67901
Counters : (2548,-134)
getOrientation : 7.66439
Counters : (2554,-139)
getOrientation : 7.64428
Counters : (2558,-144)
getOrientation : 7.62784
Counters : (2563,-149)
getOrientation : 7.60956
Counters : (2568,-153)
getOrientation : 7.59311
Counters : (2572,-158)
getOrientation : 7.57666
Counters : (2576,-162)
getOrientation : 7.56204
Counters : (2580,-167)
getOrientation : 7.54559
Counters : (2585,-171)
getOrientation : 7.52914
Counters : (2589,-176)
getOrientation : 7.51269
Counters : (2594,-181)
getOrientation : 7.49441
Counters : (2598,-185)
getOrientation : 7.47979
Counters : (2603,-189)
getOrientation : 7.46334
Counters : (2607,-194)
getOrientation : 7.44689
Counters : (2611,-198)
getOrientation : 7.43227
Counters : (2616,-203)
getOrientation : 7.41399
Counters : (2621,-208)
getOrientation : 7.39572
Counters : (2626,-212)
getOrientation : 7.37927
Counters : (2630,-217)
getOrientation : 7.36282
Counters : (2635,-222)
getOrientation : 7.34454
Counters : (2640,-226)
getOrientation : 7.32809
Counters : (2645,-231)
getOrientation : 7.30981
Counters : (2650,-235)
getOrientation : 7.29336
Counters : (2654,-240)
getOrientation : 7.27691
Counters : (2659,-245)
getOrientation : 7.25864
Counters : (2664,-250)
getOrientation : 7.24036
Counters : (2668,-254)
getOrientation : 7.22574
Counters : (2673,-259)
getOrientation : 7.20746
Counters : (2678,-264)
getOrientation : 7.18918
Counters : (2682,-269)
getOrientation : 7.17273
Counters : (2687,-274)
getOrientation : 7.15446
Counters : (2692,-279)
getOrientation : 7.13618
Counters : (2697,-284)
getOrientation : 7.1179
Counters : (2701,-288)
getOrientation : 7.10328
Counters : (2706,-293)
getOrientation : 7.085
Counters : (2711,-298)
getOrientation : 7.06673
Counters : (2716,-303)
getOrientation : 7.04845
Counters : (2721,-308)
getOrientation : 7.03017
Counters : (2726,-313)
getOrientation : 7.01189
Counters : (2731,-317)
getOrientation : 6.99545
Counters : (2736,-322)
getOrientation : 6.97717
Counters : (2741,-326)
getOrientation : 6.96072
Counters : (2745,-331)
getOrientation : 6.94427
Counters : (2750,-335)
getOrientation : 6.92782
Counters : (2755,-340)
getOrientation : 6.90954
Counters : (2760,-344)
getOrientation : 6.89309
Counters : (2765,-349)
getOrientation : 6.87482
Counters : (2769,-353)
getOrientation : 6.86019
Counters : (2774,-358)
getOrientation : 6.84192
Counters : (2779,-362)
getOrientation : 6.82547
Counters : (2783,-367)
getOrientation : 6.80902
Counters : (2788,-372)
getOrientation : 6.79074
Counters : (2793,-376)
getOrientation : 6.77429
Counters : (2797,-381)
getOrientation : 6.75784
Counters : (2802,-385)
getOrientation : 6.74139
Counters : (2806,-390)
getOrientation : 6.72494
Counters : (2811,-395)
getOrientation : 6.70667
Counters : (2816,-400)
getOrientation : 6.68839
Counters : (2821,-405)
getOrientation : 6.67011
Counters : (2826,-409)
getOrientation : 6.65366
Counters : (2831,-414)
getOrientation : 6.63539
Counters : (2836,-418)
getOrientation : 6.61894
Counters : (2840,-422)
getOrientation : 6.60431
Counters : (2845,-426)
getOrientation : 6.58786
Counters : (2850,-431)
getOrientation : 6.56959
Counters : (2855,-436)
getOrientation : 6.55131
Counters : (2860,-440)
getOrientation : 6.53486
Counters : (2864,-445)
getOrientation : 6.51841
Counters : (2869,-449)
getOrientation : 6.50196
Counters : (2874,-453)
getOrientation : 6.48551
Counters : (2879,-458)
getOrientation : 6.46724
Counters : (2883,-463)
getOrientation : 6.45079
Counters : (2888,-468)
getOrientation : 6.43251
Counters : (2893,-472)
getOrientation : 6.41606
Counters : (2898,-477)
getOrientation : 6.39778
Counters : (2903,-482)
getOrientation : 6.3795
Counters : (2908,-487)
getOrientation : 6.36123
Counters : (2913,-491)
getOrientation : 6.34478
Counters : (2918,-496)
getOrientation : 6.3265
Counters : (2922,-501)
getOrientation : 6.31005
Counters : (2927,-506)
getOrientation : 6.29177
setMotorsSpeed to driver : 0,0
