Initialization
Moving to (500, 0)
GO TO POSITION : 500 , 0
Counters : (0,0)
getCurrentPosition : (0,0)
Counters : (0,0)
getOrientation : 0
setMotorsSpeed to driver : -15,15
setMotorsSpeed to driver : 0,0
getInitialCountersDifference : 0
getSpeedCorrection : 0
setMotorsSpeed to driver : 45,45
Counters : (0,-1)
getCurrentPosition : (-0.214757,0.000196258)
getSpeedCorrection : 0
setMotorsSpeed to driver : 45,45
Counters : (5,1)
getCurrentPosition : (1.28853,-0.00667329)
getSpeedCorrection : 1
setMotorsSpeed to driver : 46,44
Counters : (26,20)
getCurrentPosition : (9.87846,-0.0851846)
getSpeedCorrection : 0
setMotorsSpeed to driver : 45,45
Counters : (39,44)
getCurrentPosition : (17.8245,-0.092449)
getSpeedCorrection : -1
setMotorsSpeed to driver : 44,46
Counters : (41,70)
getCurrentPosition : (23.8348,0.0943579)
getSpeedCorrection : -4
setMotorsSpeed to driver : 41,49
Counters : (54,96)
getCurrentPosition : (32.1927,0.637415)
getSpeedCorrection : -4
setMotorsSpeed to driver : 41,49
Counters : (83,125)
getCurrentPosition : (44.6119,1.59264)
getSpeedCorrection : -4
setMotorsSpeed to driver : 41,49
Counters : (113,149)
getCurrentPosition : (56.1794,2.41858)
getSpeedCorrection : -3
setMotorsSpeed to driver : 42,48
Counters : (148,174)
getCurrentPosition : (69.0441,3.14827)
getSpeedCorrection : -2
setMotorsSpeed to driver : 43,47
Counters : (183,187)
getCurrentPosition : (79.3486,3.43085)
getSpeedCorrection : 1
setMotorsSpeed to driver : 46,44
Counters : (217,202)
getCurrentPosition : (89.8712,3.32506)
getSpeedCorrection : 2
setMotorsSpeed to driver : 47,43
Counters : (246,227)
getCurrentPosition : (101.462,2.96479)
getSpeedCorrection : 2
setMotorsSpeed to driver : 47,43
Counters : (273,254)
getCurrentPosition : (113.052,2.56215)
getSpeedCorrection : 2
setMotorsSpeed to driver : 47,43
Counters : (300,282)
getCurrentPosition : (124.857,2.16284)
getSpeedCorrection : 2
setMotorsSpeed to driver : 47,43
Counters : (326,311)
getCurrentPosition : (136.664,1.80669)
getSpeedCorrection : 1
setMotorsSpeed to driver : 46,44
Counters : (353,341)
getCurrentPosition : (148.901,1.50469)
getSpeedCorrection : 1
setMotorsSpeed to driver : 46,44
Counters : (379,371)
getCurrentPosition : (160.925,1.28491)
getSpeedCorrection : 1
setMotorsSpeed to driver : 46,44
Counters : (406,402)
getCurrentPosition : (173.381,1.14834)
getSpeedCorrection : 0
setMotorsSpeed to driver : 45,45
Counters : (433,431)
getCurrentPosition : (185.407,1.08241)
getSpeedCorrection : 0
setMotorsSpeed to driver : 45,45
Counters : (460,459)
getCurrentPosition : (197.218,1.05004)
getSpeedCorrection : 0
setMotorsSpeed to driver : 45,45
Counters : (487,488)
getCurrentPosition : (209.245,1.05007)
getSpeedCorrection : 0
setMotorsSpeed to driver : 45,45
Counters : (514,516)
getCurrentPosition : (221.056,1.08248)
getSpeedCorrection : 0
setMotorsSpeed to driver : 45,45
Counters : (542,543)
getCurrentPosition : (232.868,1.11488)
getSpeedCorrection : 0
setMotorsSpeed to driver : 45,45
Counters : (570,570)
getCurrentPosition : (244.68,1.12569)
getSpeedCorrection : 0
setMotorsSpeed to driver : 45,45
Counters : (598,599)
getCurrentPosition : (256.921,1.1369)
getSpeedCorrection : 0
setMotorsSpeed to driver : 45,45
Counters : (625,628)
getCurrentPosition : (268.947,1.18089)
getSpeedCorrection : 0
setMotorsSpeed to driver : 45,45
Counters : (653,657)
getCurrentPosition : (281.188,1.25921)
getSpeedCorrection : -1
setMotorsSpeed to driver : 44,46
Counters : (680,685)
getCurrentPosition : (292.999,1.35638)
getSpeedCorrection : -1
setMotorsSpeed to driver : 44,46
Counters : (708,714)
getCurrentPosition : (305.24,1.47945)
getSpeedCorrection : -1
setMotorsSpeed to driver : 44,46
Counters : (737,741)
getCurrentPosition : (317.266,1.58938)
getSpeedCorrection : 0
setMotorsSpeed to driver : 45,45
Counters : (766,768)
getCurrentPosition : (329.292,1.65534)
getSpeedCorrection : 0
setMotorsSpeed to driver : 45,45
Counters : (796,796)
getCurrentPosition : (341.748,1.67813)
getSpeedCorrection : 0
setMotorsSpeed to driver : 45,45
Counters : (825,823)
getCurrentPosition : (353.774,1.65617)
getSpeedCorrection : 0
setMotorsSpeed to driver : 45,45
Counters : (854,850)
getCurrentPosition : (365.801,1.59024)
getSpeedCorrection : 0
setMotorsSpeed to driver : 45,45
Counters : (884,879)
getCurrentPosition : (378.471,1.48605)
getSpeedCorrection : 1
setMotorsSpeed to driver : 46,44
Counters : (913,907)
getCurrentPosition : (390.711,1.36301)
getSpeedCorrection : 1
setMotorsSpeed to driver : 46,44
Counters : (943,936)
getCurrentPosition : (403.381,1.21249)
getSpeedCorrection : 1
setMotorsSpeed to driver : 46,44
Counters : (971,963)
getCurrentPosition : (415.192,1.05058)
getSpeedCorrection : 1
setMotorsSpeed to driver : 46,44
Counters : (1000,992)
getCurrentPosition : (427.646,0.868456)
getSpeedCorrection : 1
setMotorsSpeed to driver : 46,44
Counters : (1028,1020)
getCurrentPosition : (439.671,0.692608)
getSpeedCorrection : 1
setMotorsSpeed to driver : 46,44
Counters : (1056,1049)
getCurrentPosition : (451.911,0.524802)
getSpeedCorrection : 1
setMotorsSpeed to driver : 46,44
Counters : (1083,1078)
getCurrentPosition : (463.937,0.392924)
getSpeedCorrection : 1
setMotorsSpeed to driver : 46,44
Counters : (1111,1107)
getCurrentPosition : (476.178,0.292241)
getSpeedCorrection : 0
setMotorsSpeed to driver : 45,45
Counters : (1137,1137)
getCurrentPosition : (488.204,0.248283)
setMotorsSpeed to driver : 0,0
Rotating by 6.28 radians
Rotate to 6.28 rad
Counters : (1197,1184)
getOrientation : 12.5426
setMotorsSpeed to driver : -15,15
Counters : (1197,1184)
getOrientation : 12.5426
Counters : (1197,1184)
getOrientation : 12.5426
Counters : (1197,1183)
getOrientation : 12.5408
Counters : (1197,1182)
getOrientation : 12.539
Counters : (1200,1180)
getOrientation : 12.5298
Counters : (1203,1177)
getOrientation : 12.5188
Counters : (1207,1172)
getOrientation : 12.5024
Counters : (1211,1168)
getOrientation : 12.4878
Counters : (1215,1164)
getOrientation : 12.4732
Counters : (1220,1160)
getOrientation : 12.4567
Counters : (1224,1155)
getOrientation : 12.4403
Counters : (1228,1150)
getOrientation : 12.4238
Counters : (1233,1146)
getOrientation : 12.4074
Counters : (1238,1141)
getOrientation : 12.3891
Counters : (1242,1136)
getOrientation : 12.3726
Counters : (1247,1131)
getOrientation : 12.3544
Counters : (1252,1125)
getOrientation : 12.3342
Counters : (1257,1120)
getOrientation : 12.316
Counters : (1261,1115)
getOrientation : 12.2995
Counters : (1266,1111)
getOrientation : 12.2831
Counters : (1271,1106)
getOrientation : 12.2648
Counters : (1275,1101)
getOrientation : 12.2483
Counters : (1280,1097)
getOrientation : 12.2319
Counters : (1284,1092)
getOrientation : 12.2154
Counters : (1289,1087)
getOrientation : 12.1972
Counters : (1294,1083)
getOrientation : 12.1807
Counters : (1299,1078)
getOrientation : 12.1624
Counters : (1303,1073)
getOrientation : 12.146
Counters : (1308,1068)
getOrientation : 12.1277
Counters : (1312,1064)
getOrientation : 12.1131
Counters : (1317,1059)
getOrientation : 12.0948
Counters : (1322,1054)
getOrientation : 12.0765
Counters : (1327,1050)
getOrientation : 12.0601
Counters : (1331,1045)
getOrientation : 12.0436
Counters : (1336,1040)
getOrientation : 12.0254
Counters : (1340,1036)
getOrientation : 12.0107
Counters : (1345,1031)
getOrientation : 11.9925
Counters : (1350,1026)
getOrientation : 11.9742
Counters : (1355,1022)
getOrientation : 11.9577
Counters : (1359,1017)
getOrientation : 11.9413
Counters : (1364,1012)
getOrientation : 11.923
Counters : (1368,1008)
getOrientation : 11.9084
Counters : (1372,1003)
getOrientation : 11.8919
Counters : (1377,999)
getOrientation : 11.8755
Counters : (1382,994)
getOrientation : 11.8572
Counters : (1387,990)
getOrientation : 11.8408
Counters : (1391,985)
getOrientation : 11.8243
Counters : (1395,981)
getOrientation : 11.8097
Counters : (1400,976)
getOrientation : 11.7914
Counters : (1404,972)
getOrientation : 11.7768
Counters : (1408,967)
getOrientation : 11.7603
Counters : (1413,962)
getOrientation : 11.7421
Counters : (1417,958)
getOrientation : 11.7274
Counters : (1422,953)
getOrientation : 11.7092
Counters : (1427,948)
getOrientation : 11.6909
Counters : (1431,944)
getOrientation : 11.6763
Counters : (1436,939)
getOrientation : 11.658
Counters : (1440,935)
getOrientation : 11.6434
Counters : (1445,930)
getOrientation : 11.6251
Counters : (1450,925)
getOrientation : 11.6068
Counters : (1455,921)
getOrientation : 11.5904
Counters : (1459,917)
getOrientation : 11.5757
Counters : (1464,912)
getOrientation : 11.5575
Counters : (1468,908)
getOrientation : 11.5428
Counters : (1473,904)
getOrientation : 11.5264
Counters : (1478,899)
getOrientation : 11.5081
Counters : (1482,895)
getOrientation : 11.4935
Counters : (1487,891)
getOrientation : 11.477
Counters : (1491,886)
getOrientation : 11.4606
Counters : (1495,881)
getOrientation : 11.4441
Counters : (1499,877)
getOrientation : 11.4295
Counters : (1504,872)
getOrientation : 11.4112
Counters : (1508,867)
getOrientation : 11.3948
Counters : (1513,863)
getOrientation : 11.3783
Counters : (1517,858)
getOrientation : 11.3619
Counters : (1522,853)
getOrientation : 11.3436
Counters : (1526,849)
getOrientation : 11.329
Counters : (1531,844)
getOrientation : 11.3107
Counters : (1535,840)
getOrientation : 11.2961
Counters : (1540,835)
getOrientation : 11.2778
Counters : (1545,831)
getOrientation : 11.2614
Counters : (1549,826)
getOrientation : 11.2449
Counters : (1554,822)
getOrientation : 11.2285
Counters : (1558,817)
getOrientation : 11.212
Counters : (1563,813)
getOrientation : 11.1956
Counters : (1567,809)
getOrientation : 11.1809
Counters : (1572,804)
getOrientation : 11.1627
Counters : (1577,800)
getOrientation : 11.1462
Counters : (1581,796)
getOrientation : 11.1316
Counters : (1586,792)
getOrientation : 11.1151
Counters : (1590,787)
getOrientation : 11.0987
Counters : (1594,783)
getOrientation : 11.0841
Counters : (1599,779)
getOrientation : 11.0676
Counters : (1604,774)
getOrientation : 11.0493
Counters : (1608,770)
getOrientation : 11.0347
Counters : (1613,765)
getOrientation : 11.0164
Counters : (1617,761)
getOrientation : 11.0018
Counters : (1622,756)
getOrientation : 10.9835
Counters : (1626,751)
getOrientation : 10.9671
Counters : (1631,747)
getOrientation : 10.9506
Counters : (1635,742)
getOrientation : 10.9342
Counters : (1640,737)
getOrientation : 10.9159
Counters : (1645,733)
getOrientation : 10.8995
Counters : (1650,728)
getOrientation : 10.8812
Counters : (1655,724)
getOrientation : 10.8647
Counters : (1659,719)
getOrientation : 10.8483
Counters : (1664,714)
getOrientation : 10.83
Counters : (1669,709)
getOrientation : 10.8117
Counters : (1674,705)
getOrientation : 10.7953
Counters : (1679,700)
getOrientation : 10.777
Counters : (1683,696)
getOrientation : 10.7624
Counters : (1688,691)
getOrientation : 10.7441
Counters : (1692,687)
getOrientation : 10.7295
Counters : (1697,682)
getOrientation : 10.7112
Counters : (1701,677)
getOrientation : 10.6948
Counters : (1706,672)
getOrientation : 10.6765
Counters : (1711,668)
getOrientation : 10.66
Counters : (1716,663)
getOrientation : 10.6418
Counters : (1720,658)
getOrientation : 10.6253
Counters : (1725,653)
getOrientation : 10.607
Counters : (1730,648)
getOrientation : 10.5888
Counters : (1735,643)
getOrientation : 10.5705
Counters : (1740,638)
getOrientation : 10.5522
Counters : (1744,633)
getOrientation : 10.5358
Counters : (1749,629)
getOrientation : 10.5193
Counters : (1754,624)
getOrientation : 10.501
Counters : (1758,619)
getOrientation : 10.4846
Counters : (1763,614)
getOrientation : 10.4663
Counters : (1768,610)
getOrientation : 10.4498
Counters : (1772,605)
getOrientation : 10.4334
Counters : (1777,600)
getOrientation : 10.4151
Counters : (1782,596)
getOrientation : 10.3987
Counters : (1786,591)
getOrientation : 10.3822
Counters : (1790,586)
getOrientation : 10.3658
Counters : (1795,582)
getOrientation : 10.3493
Counters : (1800,577)
getOrientation : 10.331
Counters : (1804,572)
getOrientation : 10.3146
Counters : (1809,568)
getOrientation : 10.2981
Counters : (1814,563)
getOrientation : 10.2799
Counters : (1818,558)
getOrientation : 10.2634
Counters : (1823,553)
getOrientation : 10.2451
Counters : (1828,549)
getOrientation : 10.2287
Counters : (1833,543)
getOrientation : 10.2086
Counters : (1838,539)
getOrientation : 10.1921
Counters : (1843,534)
getOrientation : 10.1739
Counters : (1847,529)
getOrientation : 10.1574
Counters : (1852,524)
getOrientation : 10.1391
Counters : (1857,519)
getOrientation : 10.1209
Counters : (1862,514)
getOrientation : 10.1026
Counters : (1867,509)
getOrientation : 10.0843
Counters : (1871,505)
getOrientation : 10.0697
Counters : (1876,500)
getOrientation : 10.0514
Counters : (1881,495)
getOrientation : 10.0331
Counters : (1886,490)
getOrientation : 10.0148
Counters : (1890,485)
getOrientation : 9.99839
Counters : (1895,480)
getOrientation : 9.98012
Counters : (1900,476)
getOrientation : 9.96367
Counters : (1905,471)
getOrientation : 9.94539
Counters : (1910,466)
getOrientation : 9.92711
Counters : (1914,461)
getOrientation : 9.91066
Counters : (1919,456)
getOrientation : 9.89239
Counters : (1924,451)
getOrientation : 9.87411
Counters : (1929,446)
getOrientation : 9.85583
Counters : (1934,441)
getOrientation : 9.83755
Counters : (1940,436)
getOrientation : 9.81745
Counters : (1945,431)
getOrientation : 9.79917
Counters : (1950,426)
getOrientation : 9.7809
Counters : (1955,421)
getOrientation : 9.76262
Counters : (1960,416)
getOrientation : 9.74434
Counters : (1965,411)
getOrientation : 9.72606
Counters : (1971,405)
getOrientation : 9.70413
Counters : (1976,400)
getOrientation : 9.68585
Counters : (1981,395)
getOrientation : 9.66758
Counters : (1985,390)
getOrientation : 9.65113
Counters : (1991,385)
getOrientation : 9.63102
Counters : (1996,380)
getOrientation : 9.61274
Counters : (2001,375)
getOrientation : 9.59447
Counters : (2006,370)
getOrientation : 9.57619
Counters : (2011,364)
getOrientation : 9.55608
Counters : (2016,359)
getOrientation : 9.53781
Counters : (2021,354)
getOrientation : 9.51953
Counters : (2026,348)
getOrientation : 9.49942
Counters : (2031,343)
getOrientation : 9.48115
Counters : (2036,338)
getOrientation : 9.46287
Counters : (2041,333)
getOrientation : 9.44459
Counters : (2046,328)
getOrientation : 9.42632
Counters : (2051,323)
getOrientation : 9.40804
Counters : (2057,318)
getOrientation : 9.38793
Counters : (2062,313)
getOrientation : 9.36966
Counters : (2067,308)
getOrientation : 9.35138
Counters : (2072,303)
getOrientation : 9.3331
Counters : (2077,298)
getOrientation : 9.31483
Counters : (2082,293)
getOrientation : 9.29655
Counters : (2087,288)
getOrientation : 9.27827
Counters : (2092,284)
getOrientation : 9.26182
Counters : (2096,279)
getOrientation : 9.24537
Counters : (2101,274)
getOrientation : 9.22709
Counters : (2106,269)
getOrientation : 9.20882
Counters : (2111,264)
getOrientation : 9.19054
Counters : (2116,259)
getOrientation : 9.17226
Counters : (2121,254)
getOrientation : 9.15399
Counters : (2127,249)
getOrientation : 9.13388
Counters : (2132,243)
getOrientation : 9.11377
Counters : (2137,238)
getOrientation : 9.0955
Counters : (2142,233)
getOrientation : 9.07722
Counters : (2147,227)
getOrientation : 9.05711
Counters : (2152,222)
getOrientation : 9.03884
Counters : (2158,217)
getOrientation : 9.01873
Counters : (2163,212)
getOrientation : 9.00045
Counters : (2168,207)
getOrientation : 8.98218
Counters : (2173,201)
getOrientation : 8.96207
Counters : (2178,196)
getOrientation : 8.9438
Counters : (2183,191)
getOrientation : 8.92552
Counters : (2189,186)
getOrientation : 8.90541
Counters : (2194,181)
getOrientation : 8.88714
Counters : (2199,176)
getOrientation : 8.86886
Counters : (2204,171)
getOrientation : 8.85058
Counters : (2208,166)
getOrientation : 8.83413
Counters : (2214,161)
getOrientation : 8.81403
Counters : (2219,155)
getOrientation : 8.79392
Counters : (2224,150)
getOrientation : 8.77564
Counters : (2229,145)
getOrientation : 8.75737
Counters : (2235,139)
getOrientation : 8.73543
Counters : (2240,134)
getOrientation : 8.71716
Counters : (2245,129)
getOrientation : 8.69888
Counters : (2250,123)
getOrientation : 8.67877
Counters : (2255,118)
getOrientation : 8.6605
Counters : (2261,113)
getOrientation : 8.64039
Counters : (2266,108)
getOrientation : 8.62211
Counters : (2271,102)
getOrientation : 8.60201
Counters : (2276,97)
getOrientation : 8.58373
Counters : (2281,92)
getOrientation : 8.56545
Counters : (2286,87)
getOrientation : 8.54718
Counters : (2292,82)
getOrientation : 8.52707
Counters : (2297,77)
getOrientation : 8.50879
Counters : (2302,72)
getOrientation : 8.49052
Counters : (2307,66)
getOrientation : 8.47041
Counters : (2312,61)
getOrientation : 8.45214
Counters : (2317,57)
getOrientation : 8.43569
Counters : (2322,52)
getOrientation : 8.41741
Counters : (2328,46)
getOrientation : 8.39548
Counters : (2333,41)
getOrientation : 8.3772
Counters : (2338,35)
getOrientation : 8.35709
Counters : (2343,30)
getOrientation : 8.33882
Counters : (2348,24)
getOrientation : 8.31871
Counters : (2354,19)
getOrientation : 8.2986
Counters : (2359,14)
getOrientation : 8.28033
Counters : (2365,8)
getOrientation : 8.2584
Counters : (2370,3)
getOrientation : 8.24012
Counters : (2376,-3)
getOrientation : 8.21819
Counters : (2381,-9)
getOrientation : 8.19808
Counters : (2387,-14)
getOrientation : 8.17797
Counters : (2392,-20)
getOrientation : 8.15787
Counters : (2397,-25)
getOrientation : 8.13959
Counters : (2403,-30)
getOrientation : 8.11949
Counters : (2408,-36)
getOrientation : 8.09938
Counters : (2413,-41)
getOrientation : 8.0811
Counters : (2419,-47)
getOrientation : 8.05917
Counters : (2424,-52)
getOrientation : 8.04089
Counters : (2429,-57)
getOrientation : 8.02262
Counters : (2435,-62)
getOrientation : 8.00251
Counters : (2441,-68)
getOrientation : 7.98058
Counters : (2446,-73)
getOrientation : 7.9623
Counters : (2451,-79)
getOrientation : 7.9422
Counters : (2457,-84)
getOrientation : 7.92209
Counters : (2462,-89)
getOrientation : 7.90382
Counters : (2467,-95)
getOrientation : 7.88371
Counters : (2473,-100)
getOrientation : 7.86361
Counters : (2478,-106)
getOrientation : 7.8435
Counters : (2483,-111)
getOrientation : 7.82522
Counters : (2488,-116)
getOrientation : 7.80695
Counters : (2493,-121)
getOrientation : 7.78867
Counters : (2498,-126)
getOrientation : 7.77039
Counters : (2503,-131)
getOrientation : 7.75211
Counters : (2508,-136)
getOrientation : 7.73384
Counters : (2513,-141)
getOrientation : 7.71556
Counters : (2518,-146)
getOrientation : 7.69728
Counters : (2523,-151)
getOrientation : 7.67901
Counters : (2528,-157)
getOrientation : 7.6589
Counters : (2533,-162)
getOrientation : 7.64062
Counters : (2538,-168)
getOrientation : 7.62052
Counters : (2543,-173)
getOrientation : 7.60224
Counters : (2549,-178)
getOrientation : 7.58214
Counters : (2554,-183)
getOrientation : 7.56386
Counters : (2559,-188)
getOrientation : 7.54558
Counters : (2564,-193)
getOrientation : 7.52731
Counters : (2570,-198)
getOrientation : 7.5072
Counters : (2575,-203)
getOrientation : 7.48892
Counters : (2580,-207)
getOrientation : 7.47247
Counters : (2585,-212)
getOrientation : 7.4542
Counters : (2590,-217)
getOrientation : 7.43592
Counters : (2595,-222)
getOrientation : 7.41764
Counters : (2599,-227)
getOrientation : 7.40119
Counters : (2604,-232)
getOrientation : 7.38292
Counters : (2609,-236)
getOrientation : 7.36647
Counters : (2614,-241)
getOrientation : 7.34819
Counters : (2619,-246)
getOrientation : 7.32991
Counters : (2624,-251)
getOrientation : 7.31164
Counters : (2629,-256)
getOrientation : 7.29336
Counters : (2635,-261)
getOrientation : 7.27325
Counters : (2640,-266)
getOrientation : 7.25498
Counters : (2645,-272)
getOrientation : 7.23487
Counters : (2650,-276)
getOrientation : 7.21842
Counters : (2656,-282)
getOrientation : 7.19649
Counters : (2661,-287)
getOrientation : 7.17821
Counters : (2666,-292)
getOrientation : 7.15993
Counters : (2671,-297)
getOrientation : 7.14166
Counters : (2676,-302)
getOrientation : 7.12338
Counters : (2682,-307)
getOrientation : 7.10328
Counters : (2687,-312)
getOrientation : 7.085
Counters : (2692,-317)
getOrientation : 7.06672
Counters : (2697,-322)
getOrientation : 7.04844
Counters : (2703,-327)
getOrientation : 7.02834
Counters : (2707,-331)
getOrientation : 7.01372
Counters : (2712,-336)
getOrientation : 6.99544
Counters : (2717,-341)
getOrientation : 6.97716
Counters : (2722,-345)
getOrientation : 6.96071
Counters : (2727,-350)
getOrientation : 6.94244
Counters : (2732,-355)
getOrientation : 6.92416
Counters : (2737,-360)
getOrientation : 6.90588
Counters : (2742,-365)
getOrientation : 6.8876
Counters : (2747,-370)
getOrientation : 6.86933
Counters : (2752,-375)
getOrientation : 6.85105
Counters : (2758,-380)
getOrientation : 6.83095
Counters : (2763,-385)
getOrientation : 6.81267
Counters : (2768,-390)
getOrientation : 6.79439
Counters : (2773,-395)
getOrientation : 6.77611
Counters : (2778,-400)
getOrientation : 6.75784
Counters : (2783,-405)
getOrientation : 6.73956
Counters : (2788,-410)
getOrientation : 6.72128
Counters : (2793,-415)
getOrientation : 6.70301
Counters : (2798,-419)
getOrientation : 6.68656
Counters : (2803,-424)
getOrientation : 6.66828
Counters : (2808,-429)
getOrientation : 6.65
Counters : (2812,-434)
getOrientation : 6.63355
Counters : (2817,-438)
getOrientation : 6.6171
Counters : (2822,-443)
getOrientation : 6.59883
Counters : (2827,-448)
getOrientation : 6.58055
Counters : (2832,-452)
getOrientation : 6.5641
Counters : (2837,-457)
getOrientation : 6.54582
Counters : (2842,-463)
getOrientation : 6.52572
Counters : (2848,-468)
getOrientation : 6.50561
Counters : (2853,-473)
getOrientation : 6.48733
Counters : (2858,-478)
getOrientation : 6.46906
Counters : (2863,-483)
getOrientation : 6.45078
Counters : (2868,-488)
getOrientation : 6.4325
Counters : (2872,-493)
getOrientation : 6.41605
Counters : (2878,-498)
getOrientation : 6.39595
Counters : (2883,-503)
getOrientation : 6.37767
Counters : (2888,-508)
getOrientation : 6.35939
Counters : (2894,-513)
getOrientation : 6.33929
Counters : (2898,-517)
getOrientation : 6.32467
Counters : (2903,-522)
getOrientation : 6.30639
setMotorsSpeed to driver : 0,0
Moving forward
Go Forward
getInitialCountersDifference : 3470
getSpeedCorrection : 0
setMotorsSpeed to driver : 45,45
getSpeedCorrection : 0
setMotorsSpeed to driver : 45,45
getSpeedCorrection : 0
setMotorsSpeed to driver : 45,45
getSpeedCorrection : 0
setMotorsSpeed to driver : 45,45
getSpeedCorrection : 0
setMotorsSpeed to driver : 45,45
getSpeedCorrection : -1
setMotorsSpeed to driver : 44,46
getSpeedCorrection : -1
setMotorsSpeed to driver : 44,46
getSpeedCorrection : -1
setMotorsSpeed to driver : 44,46
getSpeedCorrection : -1
setMotorsSpeed to driver : 44,46
getSpeedCorrection : -2
setMotorsSpeed to driver : 43,47
getSpeedCorrection : -2
setMotorsSpeed to driver : 43,47
getSpeedCorrection : -2
setMotorsSpeed to driver : 43,47
getSpeedCorrection : -2
setMotorsSpeed to driver : 43,47
getSpeedCorrection : -2
setMotorsSpeed to driver : 43,47
getSpeedCorrection : -2
setMotorsSpeed to driver : 43,47
getSpeedCorrection : -2
setMotorsSpeed to driver : 43,47
getSpeedCorrection : -2
setMotorsSpeed to driver : 43,47
getSpeedCorrection : -2
setMotorsSpeed to driver : 43,47
getSpeedCorrection : -1
setMotorsSpeed to driver : 44,46
getSpeedCorrection : -1
setMotorsSpeed to driver : 44,46
getSpeedCorrection : -1
setMotorsSpeed to driver : 44,46
getSpeedCorrection : -1
setMotorsSpeed to driver : 44,46
getSpeedCorrection : 0
setMotorsSpeed to driver : 45,45
getSpeedCorrection : 0
setMotorsSpeed to driver : 45,45
getSpeedCorrection : 0
setMotorsSpeed to driver : 45,45
getSpeedCorrection : 0
setMotorsSpeed to driver : 45,45
getSpeedCorrection : 0
setMotorsSpeed to driver : 45,45
getSpeedCorrection : 0
setMotorsSpeed to driver : 45,45
getSpeedCorrection : 0
setMotorsSpeed to driver : 45,45
getSpeedCorrection : 0
setMotorsSpeed to driver : 45,45
getSpeedCorrection : 0
setMotorsSpeed to driver : 45,45
getSpeedCorrection : 0
setMotorsSpeed to driver : 45,45
getSpeedCorrection : 0
setMotorsSpeed to driver : 45,45
getSpeedCorrection : 0
setMotorsSpeed to driver : 45,45
getSpeedCorrection : 0
setMotorsSpeed to driver : 45,45
getSpeedCorrection : 0
setMotorsSpeed to driver : 45,45
getSpeedCorrection : 0
setMotorsSpeed to driver : 45,45
getSpeedCorrection : 0
setMotorsSpeed to driver : 45,45
getSpeedCorrection : 0
setMotorsSpeed to driver : 45,45
getSpeedCorrection : 0
setMotorsSpeed to driver : 45,45
getSpeedCorrection : 0
setMotorsSpeed to driver : 45,45
getSpeedCorrection : 1
setMotorsSpeed to driver : 46,44
getSpeedCorrection : 1
setMotorsSpeed to driver : 46,44
getSpeedCorrection : 1
setMotorsSpeed to driver : 46,44
getSpeedCorrection : 0
setMotorsSpeed to driver : 45,45
getSpeedCorrection : 0
setMotorsSpeed to driver : 45,45
getSpeedCorrection : 0
setMotorsSpeed to driver : 45,45
getSpeedCorrection : 0
setMotorsSpeed to driver : 45,45
getSpeedCorrection : 0
setMotorsSpeed to driver : 45,45
getSpeedCorrection : 0
setMotorsSpeed to driver : 45,45
getSpeedCorrection : 0
setMotorsSpeed to driver : 45,45
getSpeedCorrection : 0
setMotorsSpeed to driver : 45,45
getSpeedCorrection : 1
setMotorsSpeed to driver : 46,44
getSpeedCorrection : 1
setMotorsSpeed to driver : 46,44
getSpeedCorrection : 1
setMotorsSpeed to driver : 46,44
getSpeedCorrection : 1
setMotorsSpeed to driver : 46,44
getSpeedCorrection : 0
setMotorsSpeed to driver : 45,45
getSpeedCorrection : 0
setMotorsSpeed to driver : 45,45
getSpeedCorrection : 0
setMotorsSpeed to driver : 45,45
getSpeedCorrection : 0
setMotorsSpeed to driver : 45,45
getSpeedCorrection : 0
setMotorsSpeed to driver : 45,45
getSpeedCorrection : 0
setMotorsSpeed to driver : 45,45
getSpeedCorrection : 0
setMotorsSpeed to driver : 45,45
getSpeedCorrection : 0
setMotorsSpeed to driver : 45,45
getSpeedCorrection : 0
setMotorsSpeed to driver : 45,45
getSpeedCorrection : 0
setMotorsSpeed to driver : 45,45
getSpeedCorrection : 0
setMotorsSpeed to driver : 45,45
getSpeedCorrection : 0
setMotorsSpeed to driver : 45,45
getSpeedCorrection : 0
setMotorsSpeed to driver : 45,45
getSpeedCorrection : 0
setMotorsSpeed to driver : 45,45
getSpeedCorrection : 0
setMotorsSpeed to driver : 45,45
getSpeedCorrection : 1
setMotorsSpeed to driver : 46,44
getSpeedCorrection : 1
setMotorsSpeed to driver : 46,44
getSpeedCorrection : 1
setMotorsSpeed to driver : 46,44
getSpeedCorrection : 1
setMotorsSpeed to driver : 46,44
getSpeedCorrection : 1
setMotorsSpeed to driver : 46,44
getSpeedCorrection : 1
setMotorsSpeed to driver : 46,44
getSpeedCorrection : 1
setMotorsSpeed to driver : 46,44
getSpeedCorrection : 1
setMotorsSpeed to driver : 46,44
getSpeedCorrection : 1
setMotorsSpeed to driver : 46,44
getSpeedCorrection : 1
setMotorsSpeed to driver : 46,44
getSpeedCorrection : 1
setMotorsSpeed to driver : 46,44
getSpeedCorrection : 1
setMotorsSpeed to driver : 46,44
getSpeedCorrection : 1
setMotorsSpeed to driver : 46,44
getSpeedCorrection : 1
setMotorsSpeed to driver : 46,44
getSpeedCorrection : 1
setMotorsSpeed to driver : 46,44
getSpeedCorrection : 1
setMotorsSpeed to driver : 46,44
getSpeedCorrection : 1
setMotorsSpeed to driver : 46,44
getSpeedCorrection : 1
setMotorsSpeed to driver : 46,44
getSpeedCorrection : 1
setMotorsSpeed to driver : 46,44
getSpeedCorrection : 1
setMotorsSpeed to driver : 46,44
getSpeedCorrection : 1
setMotorsSpeed to driver : 46,44
getSpeedCorrection : 1
setMotorsSpeed to driver : 46,44
getSpeedCorrection : 1
setMotorsSpeed to driver : 46,44
getSpeedCorrection : 1
setMotorsSpeed to driver : 46,44
getSpeedCorrection : 1
setMotorsSpeed to driver : 46,44
getSpeedCorrection : 1
setMotorsSpeed to driver : 46,44
getSpeedCorrection : 1
setMotorsSpeed to driver : 46,44
getSpeedCorrection : 1
setMotorsSpeed to driver : 46,44
getSpeedCorrection : 1
setMotorsSpeed to driver : 46,44
getSpeedCorrection : 1
setMotorsSpeed to driver : 46,44
getSpeedCorrection : 1
setMotorsSpeed to driver : 46,44
getSpeedCorrection : 1
setMotorsSpeed to driver : 46,44
getSpeedCorrection : 1
setMotorsSpeed to driver : 46,44
getSpeedCorrection : 1
setMotorsSpeed to driver : 46,44
getSpeedCorrection : 1
setMotorsSpeed to driver : 46,44
getSpeedCorrection : 1
setMotorsSpeed to driver : 46,44
getSpeedCorrection : 1
setMotorsSpeed to driver : 46,44
getSpeedCorrection : 1
setMotorsSpeed to driver : 46,44
getSpeedCorrection : 1
setMotorsSpeed to driver : 46,44
getSpeedCorrection : 1
setMotorsSpeed to driver : 46,44
getSpeedCorrection : 1
setMotorsSpeed to driver : 46,44
getSpeedCorrection : 1
setMotorsSpeed to driver : 46,44
getSpeedCorrection : 1
setMotorsSpeed to driver : 46,44
getSpeedCorrection : 1
setMotorsSpeed to driver : 46,44
getSpeedCorrection : 1
setMotorsSpeed to driver : 46,44
getSpeedCorrection : 1
setMotorsSpeed to driver : 46,44
getSpeedCorrection : 1
setMotorsSpeed to driver : 46,44
getSpeedCorrection : 1
setMotorsSpeed to driver : 46,44
getSpeedCorrection : 1
setMotorsSpeed to driver : 46,44
getSpeedCorrection : 1
setMotorsSpeed to driver : 46,44
getSpeedCorrection : 1
setMotorsSpeed to driver : 46,44
getSpeedCorrection : 1
setMotorsSpeed to driver : 46,44
getSpeedCorrection : 1
setMotorsSpeed to driver : 46,44
getSpeedCorrection : 1
setMotorsSpeed to driver : 46,44
getSpeedCorrection : 1
setMotorsSpeed to driver : 46,44
getSpeedCorrection : 1
setMotorsSpeed to driver : 46,44
getSpeedCorrection : 1
setMotorsSpeed to driver : 46,44
getSpeedCorrection : 1
setMotorsSpeed to driver : 46,44
getSpeedCorrection : 1
setMotorsSpeed to driver : 46,44
getSpeedCorrection : 1
setMotorsSpeed to driver : 46,44
getSpeedCorrection : 1
setMotorsSpeed to driver : 46,44
getSpeedCorrection : 1
setMotorsSpeed to driver : 46,44
getSpeedCorrection : 1
setMotorsSpeed to driver : 46,44
getSpeedCorrection : 1
setMotorsSpeed to driver : 46,44
getSpeedCorrection : 1
setMotorsSpeed to driver : 46,44
getSpeedCorrection : 1
setMotorsSpeed to driver : 46,44
getSpeedCorrection : 1
setMotorsSpeed to driver : 46,44
getSpeedCorrection : 1
setMotorsSpeed to driver : 46,44
getSpeedCorrection : 1
setMotorsSpeed to driver : 46,44
getSpeedCorrection : 1
setMotorsSpeed to driver : 46,44
getSpeedCorrection : 1
setMotorsSpeed to driver : 46,44
getSpeedCorrection : 1
setMotorsSpeed to driver : 46,44
getSpeedCorrection : 1
setMotorsSpeed to driver : 46,44
getSpeedCorrection : 1
setMotorsSpeed to driver : 46,44
getSpeedCorrection : 1
setMotorsSpeed to driver : 46,44
getSpeedCorrection : 1
setMotorsSpeed to driver : 46,44
getSpeedCorrection : 1
setMotorsSpeed to driver : 46,44
getSpeedCorrection : 1
setMotorsSpeed to driver : 46,44
getSpeedCorrection : 1
setMotorsSpeed to driver : 46,44
getSpeedCorrection : 1
setMotorsSpeed to driver : 46,44
getSpeedCorrection : 1
setMotorsSpeed to driver : 46,44
getSpeedCorrection : 1
setMotorsSpeed to driver : 46,44
getSpeedCorrection : 1
setMotorsSpeed to driver : 46,44
getSpeedCorrection : 1
setMotorsSpeed to driver : 46,44
getSpeedCorrection : 1
setMotorsSpeed to driver : 46,44
getSpeedCorrection : 1
setMotorsSpeed to driver : 46,44
getSpeedCorrection : 1
setMotorsSpeed to driver : 46,44
getSpeedCorrection : 1
setMotorsSpeed to driver : 46,44
getSpeedCorrection : 1
setMotorsSpeed to driver : 46,44
getSpeedCorrection : 1
setMotorsSpeed to driver : 46,44
getSpeedCorrection : 1
setMotorsSpeed to driver : 46,44
getSpeedCorrection : 1
setMotorsSpeed to driver : 46,44
getSpeedCorrection : 1
setMotorsSpeed to driver : 46,44
getSpeedCorrection : 1
setMotorsSpeed to driver : 46,44
getSpeedCorrection : 1
setMotorsSpeed to driver : 46,44
getSpeedCorrection : 1
setMotorsSpeed to driver : 46,44
getSpeedCorrection : 1
setMotorsSpeed to driver : 46,44
getSpeedCorrection : 1
setMotorsSpeed to driver : 46,44
getSpeedCorrection : 1
setMotorsSpeed to driver : 46,44
getSpeedCorrection : 1
setMotorsSpeed to driver : 46,44
getSpeedCorrection : 1
setMotorsSpeed to driver : 46,44
getSpeedCorrection : 1
setMotorsSpeed to driver : 46,44
getSpeedCorrection : 1
setMotorsSpeed to driver : 46,44
getSpeedCorrection : 1
setMotorsSpeed to driver : 46,44
getSpeedCorrection : 1
setMotorsSpeed to driver : 46,44
getSpeedCorrection : 1
setMotorsSpeed to driver : 46,44
getSpeedCorrection : 1
setMotorsSpeed to driver : 46,44
getSpeedCorrection : 1
setMotorsSpeed to driver : 46,44
getSpeedCorrection : 1
setMotorsSpeed to driver : 46,44
getSpeedCorrection : 1
setMotorsSpeed to driver : 46,44
getSpeedCorrection : 1
setMotorsSpeed to driver : 46,44
getSpeedCorrection : 1
setMotorsSpeed to driver : 46,44
getSpeedCorrection : 1
setMotorsSpeed to driver : 46,44
getSpeedCorrection : 1
setMotorsSpeed to driver : 46,44
getSpeedCorrection : 1
setMotorsSpeed to driver : 46,44
getSpeedCorrection : 1
setMotorsSpeed to driver : 46,44
getSpeedCorrection : 1
setMotorsSpeed to driver : 46,44
getSpeedCorrection : 1
setMotorsSpeed to driver : 46,44
getSpeedCorrection : 1
setMotorsSpeed to driver : 46,44
getSpeedCorrection : 1
setMotorsSpeed to driver : 46,44
getSpeedCorrection : 1
setMotorsSpeed to driver : 46,44
getSpeedCorrection : 1
setMotorsSpeed to driver : 46,44
getSpeedCorrection : 1
setMotorsSpeed to driver : 46,44
getSpeedCorrection : 1
setMotorsSpeed to driver : 46,44
getSpeedCorrection : 1
setMotorsSpeed to driver : 46,44
getSpeedCorrection : 1
setMotorsSpeed to driver : 46,44
getSpeedCorrection : 1
setMotorsSpeed to driver : 46,44
getSpeedCorrection : 1
setMotorsSpeed to driver : 46,44
getSpeedCorrection : 1
setMotorsSpeed to driver : 46,44
getSpeedCorrection : 1
setMotorsSpeed to driver : 46,44
getSpeedCorrection : 1
setMotorsSpeed to driver : 46,44
getSpeedCorrection : 1
setMotorsSpeed to driver : 46,44
getSpeedCorrection : 1
setMotorsSpeed to driver : 46,44
getSpeedCorrection : 1
setMotorsSpeed to driver : 46,44
getSpeedCorrection : 1
setMotorsSpeed to driver : 46,44
getSpeedCorrection : 1
setMotorsSpeed to driver : 46,44
getSpeedCorrection : 1
setMotorsSpeed to driver : 46,44
getSpeedCorrection : 1
setMotorsSpeed to driver : 46,44
getSpeedCorrection : 1
setMotorsSpeed to driver : 46,44
getSpeedCorrection : 1
setMotorsSpeed to driver : 46,44
getSpeedCorrection : 1
setMotorsSpeed to driver : 46,44
getSpeedCorrection : 1
setMotorsSpeed to driver : 46,44
getSpeedCorrection : 1
setMotorsSpeed to driver : 46,44
getSpeedCorrection : 1
setMotorsSpeed to driver : 46,44
getSpeedCorrection : 1
setMotorsSpeed to driver : 46,44
getSpeedCorrection : 1
setMotorsSpeed to driver : 46,44
getSpeedCorrection : 1
setMotorsSpeed to driver : 46,44
getSpeedCorrection : 1
setMotorsSpeed to driver : 46,44
getSpeedCorrection : 1
setMotorsSpeed to driver : 46,44
getSpeedCorrection : 1
setMotorsSpeed to driver : 46,44
getSpeedCorrection : 1
setMotorsSpeed to driver : 46,44
getSpeedCorrection : 1
setMotorsSpeed to driver : 46,44
getSpeedCorrection : 1
setMotorsSpeed to driver : 46,44
getSpeedCorrection : 1
setMotorsSpeed to driver : 46,44
getSpeedCorrection : 1
setMotorsSpeed to driver : 46,44
getSpeedCorrection : 1
setMotorsSpeed to driver : 46,44
